<?xml version="1.0" encoding="UTF-8"?>
<!-- Generated by org.testng.reporters.JUnitReportReporter -->
<testsuite hostname="Harsha" failures="0" tests="5" name="project1.snapdeal" time="11.061" errors="0" timestamp="2024-07-11T09:59:07 IST" skipped="0">
  <testcase classname="project1.snapdeal" name="MensFashion" time="2.263"/>
  <system-out/>
  <testcase classname="project1.snapdeal" name="WomensFashion" time="2.224"/>
  <system-out/>
  <testcase classname="project1.snapdeal" name="HK" time="2.201"/>
  <system-out/>
  <testcase classname="project1.snapdeal" name="Toys" time="2.187"/>
  <system-out/>
  <testcase classname="project1.snapdeal" name="Beauty" time="2.186"/>
  <system-out/>
</testsuite> <!-- project1.snapdeal -->
