<?xml version="1.0" encoding="UTF-8"?>
<!-- Generated by org.testng.reporters.JUnitXMLReporter -->
<testsuite ignored="0" hostname="Harsha" failures="1" tests="1" name="Test" time="6.39" errors="0" timestamp="2025-05-11T15:22:31 IST">
  <testcase classname="practiceTestNG.SoftAssert" name="url1" time="6.386">
    <failure type="java.lang.AssertionError" message="The following asserts failed:
	expected [https://amazo] but found [https://www.amazon.in/]">
      <![CDATA[java.lang.AssertionError: The following asserts failed:
expected [https://amazo] but found [https://www.amazon.in/]
at practiceTestNG.SoftAssert.url1(SoftAssert.java:20)
at java.base/java.util.ArrayList.forEach(ArrayList.java:1596)
... Removed 28 stack frames]]>
    </failure>
  </testcase> <!-- url1 -->
</testsuite> <!-- Test -->
