<?xml version="1.0" encoding="UTF-8"?>
<!-- Generated by org.testng.reporters.JUnitXMLReporter -->
<testsuite ignored="0" hostname="Harsha" failures="0" tests="5" name="Test" time="22.627" errors="0" timestamp="2024-07-10T19:17:18 IST">
  <testcase classname="project1.snapdeal" name="MensFashion" time="2.242"/>
  <testcase classname="project1.snapdeal" name="WomensFashion" time="2.163"/>
  <testcase classname="project1.snapdeal" name="HK" time="2.197"/>
  <testcase classname="project1.snapdeal" name="Toys" time="2.205"/>
  <testcase classname="project1.snapdeal" name="Beauty" time="2.168"/>
</testsuite> <!-- Test -->
