<?xml version="1.0" encoding="UTF-8"?>
<!-- Generated by org.testng.reporters.JUnitXMLReporter -->
<testsuite ignored="0" hostname="Harsha" failures="1" tests="1" name="Test" time="20.298" errors="0" timestamp="2024-07-10T19:16:55 IST">
  <testcase classname="project1.Soft_assert" name="test1" time="20.29">
    <failure type="java.lang.AssertionError" message="The following asserts failed:
	expected [https://www.amazon] but found [https://www.amazon.in/]">
      <![CDATA[java.lang.AssertionError: The following asserts failed:
expected [https://www.amazon] but found [https://www.amazon.in/]
at project1.Soft_assert.test1(Soft_assert.java:24)
at java.base/java.util.ArrayList.forEach(ArrayList.java:1596)
... Removed 28 stack frames]]>
    </failure>
  </testcase> <!-- test1 -->
</testsuite> <!-- Test -->
