<?xml version="1.0" encoding="UTF-8"?>
<testng-results ignored="0" total="5" passed="5" failed="0" skipped="0">
  <reporter-output>
  </reporter-output>
  <suite started-at="2025-05-11T15:23:05 IST" name="Suite" finished-at="2025-05-11T15:23:43 IST" duration-ms="38064">
    <groups>
    </groups>
    <test started-at="2025-05-11T15:23:05 IST" name="Test" finished-at="2025-05-11T15:23:43 IST" duration-ms="38064">
      <class name="practiceTestNG.Snapdeal">
        <test-method signature="MensFashion()[pri:1, instance:practiceTestNG.Snapdeal@16d04d3d]" started-at="2025-05-11T15:23:31 IST" name="MensFashion" finished-at="2025-05-11T15:23:33 IST" duration-ms="2224" status="PASS">
          <reporter-output>
          </reporter-output>
        </test-method> <!-- MensFashion -->
        <test-method signature="WomensFashion()[pri:2, instance:practiceTestNG.Snapdeal@16d04d3d]" started-at="2025-05-11T15:23:34 IST" name="WomensFashion" finished-at="2025-05-11T15:23:36 IST" duration-ms="2160" status="PASS">
          <reporter-output>
          </reporter-output>
        </test-method> <!-- WomensFashion -->
        <test-method signature="HomenKitchen()[pri:3, instance:practiceTestNG.Snapdeal@16d04d3d]" started-at="2025-05-11T15:23:36 IST" name="HomenKitchen" finished-at="2025-05-11T15:23:38 IST" duration-ms="2217" status="PASS">
          <reporter-output>
          </reporter-output>
        </test-method> <!-- HomenKitchen -->
        <test-method signature="ToysKids()[pri:4, instance:practiceTestNG.Snapdeal@16d04d3d]" started-at="2025-05-11T15:23:38 IST" name="ToysKids" finished-at="2025-05-11T15:23:41 IST" duration-ms="2167" status="PASS">
          <reporter-output>
          </reporter-output>
        </test-method> <!-- ToysKids -->
        <test-method signature="BeautyHealth()[pri:5, instance:practiceTestNG.Snapdeal@16d04d3d]" started-at="2025-05-11T15:23:41 IST" name="BeautyHealth" finished-at="2025-05-11T15:23:43 IST" duration-ms="2147" status="PASS">
          <reporter-output>
          </reporter-output>
        </test-method> <!-- BeautyHealth -->
      </class> <!-- practiceTestNG.Snapdeal -->
    </test> <!-- Test -->
  </suite> <!-- Suite -->
</testng-results>
