<?xml version="1.0" encoding="UTF-8"?>
<!-- Generated by org.testng.reporters.JUnitXMLReporter -->
<testsuite ignored="0" hostname="Harsha" failures="0" tests="5" name="Test" time="38.804" errors="0" timestamp="2024-07-11T09:59:07 IST">
  <testcase classname="project1.snapdeal" name="MensFashion" time="2.263"/>
  <testcase classname="project1.snapdeal" name="WomensFashion" time="2.224"/>
  <testcase classname="project1.snapdeal" name="HK" time="2.201"/>
  <testcase classname="project1.snapdeal" name="Toys" time="2.187"/>
  <testcase classname="project1.snapdeal" name="Beauty" time="2.186"/>
</testsuite> <!-- Test -->
