<?xml version="1.0" encoding="UTF-8"?>
<!-- Generated by org.testng.reporters.JUnitXMLReporter -->
<testsuite ignored="6" hostname="Harsha" failures="0" tests="1" name="Grouptest" time="0.052" errors="0" timestamp="2025-05-11T15:22:48 IST">
  <testcase classname="practiceTestNG.Groups_Parameter" name="cosmetic" time="0.01"/>
  <testcase classname="practiceTestNG.Groups_Parameter" name="text" time="0.0">
    <ignored/>
  </testcase> <!-- text -->
  <testcase classname="practiceTestNG.Groups_Parameter" name="searchBox" time="0.0">
    <ignored/>
  </testcase> <!-- searchBox -->
  <testcase classname="practiceTestNG.Groups_Parameter" name="launchBrowser" time="0.0">
    <ignored/>
  </testcase> <!-- launchBrowser -->
  <testcase classname="practiceTestNG.Groups_Parameter" name="click" time="0.0">
    <ignored/>
  </testcase> <!-- click -->
  <testcase classname="practiceTestNG.Groups_Parameter" name="url" time="0.0">
    <ignored/>
  </testcase> <!-- url -->
  <testcase classname="practiceTestNG.Groups_Parameter" name="hitUrl" time="0.0">
    <ignored/>
  </testcase> <!-- hitUrl -->
</testsuite> <!-- Grouptest -->
