<?xml version="1.0" encoding="UTF-8"?>
<!-- Generated by org.testng.reporters.JUnitXMLReporter -->
<testsuite ignored="0" hostname="Harsha" failures="0" tests="5" name="Test" time="38.064" errors="0" timestamp="2025-05-11T15:23:43 IST">
  <testcase classname="practiceTestNG.Snapdeal" name="MensFashion" time="2.224"/>
  <testcase classname="practiceTestNG.Snapdeal" name="WomensFashion" time="2.16"/>
  <testcase classname="practiceTestNG.Snapdeal" name="HomenKitchen" time="2.217"/>
  <testcase classname="practiceTestNG.Snapdeal" name="ToysKids" time="2.167"/>
  <testcase classname="practiceTestNG.Snapdeal" name="BeautyHealth" time="2.147"/>
</testsuite> <!-- Test -->
